#
# There is insufficient memory for the Java Runtime Environment to continue.
# Native memory allocation (mmap) failed to map 58720256 bytes for G1 virtual space
# Possible reasons:
#   The system is out of physical RAM or swap space
#   The process is running with CompressedOops enabled, and the Java Heap may be blocking the growth of the native heap
# Possible solutions:
#   Reduce memory load on the system
#   Increase physical memory or swap space
#   Check if swap backing store is full
#   Decrease Java heap size (-Xmx/-Xms)
#   Decrease number of Java threads
#   Decrease Java thread stack sizes (-Xss)
#   Set larger code cache with -XX:ReservedCodeCacheSize=
#   JVM is running with Unscaled Compressed Oops mode in which the Java heap is
#     placed in the first 4GB address space. The Java Heap base address is the
#     maximum limit for the native heap growth. Please use -XX:HeapBaseMinAddress
#     to set the Java Heap base and to place the Java Heap above 4GB virtual address.
# This output file may be truncated or incomplete.
#
#  Out of Memory Error (os_windows.cpp:3600), pid=6980, tid=5340
#
# JRE version:  (21.0.5+9) (build )
# Java VM: Java HotSpot(TM) 64-Bit Server VM (21.0.5+9-LTS-239, mixed mode, sharing, tiered, compressed oops, compressed class ptrs, g1 gc, windows-amd64)
# No core dump will be written. Minidumps are not enabled by default on client versions of Windows
#

---------------  S U M M A R Y ------------

Command Line: -Dfile.encoding=UTF-8 -Dstdout.encoding=UTF-8 -Dstderr.encoding=UTF-8 -XX:+ShowCodeDetailsInExceptionMessages Assignment.ManagerPage

Host: AMD Ryzen 3 3250U with Radeon Graphics         , 4 cores, 3G,  Windows 11 , 64 bit Build 26100 (10.0.26100.3323)
Time: Fri Mar 21 10:02:28 2025 Nepal Standard Time elapsed time: 2.083726 seconds (0d 0h 0m 2s)

---------------  T H R E A D  ---------------

Current thread (0x00000241ecc4f340):  JavaThread "Unknown thread" [_thread_in_vm, id=5340, stack(0x00000079d6000000,0x00000079d6100000) (1024K)]

Stack: [0x00000079d6000000,0x00000079d6100000]
Native frames: (J=compiled Java code, j=interpreted, Vv=VM code, C=native code)
V  [jvm.dll+0x6ca289]
V  [jvm.dll+0x854a51]
V  [jvm.dll+0x856f7e]
V  [jvm.dll+0x857653]
V  [jvm.dll+0x27dd26]
V  [jvm.dll+0x6c6a25]
V  [jvm.dll+0x6bb5aa]
V  [jvm.dll+0x35359a]
V  [jvm.dll+0x35b1f6]
V  [jvm.dll+0x3adade]
V  [jvm.dll+0x3add88]
V  [jvm.dll+0x3278fc]
V  [jvm.dll+0x32845b]
V  [jvm.dll+0x81de19]
V  [jvm.dll+0x3ba7c1]
V  [jvm.dll+0x807168]
V  [jvm.dll+0x44f96e]
V  [jvm.dll+0x451561]
C  [jli.dll+0x52a3]
C  [ucrtbase.dll+0x37b0]
C  [KERNEL32.DLL+0x2e8d7]
C  [ntdll.dll+0xbbf6c]


---------------  P R O C E S S  ---------------

Threads class SMR info:
_java_thread_list=0x00007ffb5306ac08, length=0, elements={
}

Java Threads: ( => current thread )
Total: 0

Other Threads:
  0x00000241ecc7ce50 WorkerThread "GC Thread#0"                     [id=7844, stack(0x00000079d6100000,0x00000079d6200000) (1024K)]
  0x00000241ecc852d0 ConcurrentGCThread "G1 Main Marker"            [id=15652, stack(0x00000079d6200000,0x00000079d6300000) (1024K)]
  0x00000241ecc85dd0 WorkerThread "G1 Conc#0"                       [id=12508, stack(0x00000079d6300000,0x00000079d6400000) (1024K)]

[error occurred during error reporting (printing all threads), id 0xc0000005, EXCEPTION_ACCESS_VIOLATION (0xc0000005) at pc=0x00007ffb527da087]
VM state: not at safepoint (not fully initialized)

VM Mutex/Monitor currently owned by a thread:  ([mutex/lock_event])
[0x00007ffb530dbf98] Heap_lock - owner thread: 0x00000241ecc4f340

Heap address: 0x00000000c9400000, size: 876 MB, Compressed Oops mode: 32-bit

CDS archive(s) mapped at: [0x0000000000000000-0x0000000000000000-0x0000000000000000), size 0, SharedBaseAddress: 0x0000000800000000, ArchiveRelocationMode: 1.
Narrow klass base: 0x0000000000000000, Narrow klass shift: 0, Narrow klass range: 0x0

GC Precious Log:
 CardTable entry size: 512
 Card Set container configuration: InlinePtr #cards 5 size 8 Array Of Cards #cards 12 size 40 Howl #buckets 4 coarsen threshold 1843 Howl Bitmap #cards 512 size 80 coarsen threshold 460 Card regions per heap region 1 cards per card region 2048

Heap:
 garbage-first heap   total 0K, used 0K [0x00000000c9400000, 0x0000000100000000)
  region size 1024K, 0 young (0K), 0 survivors (0K)

[error occurred during error reporting (printing heap information), id 0xc0000005, EXCEPTION_ACCESS_VIOLATION (0xc0000005) at pc=0x00007ffb52bc3259]
GC Heap History (0 events):
No events

Dll operation events (1 events):
Event: 0.043 Loaded shared library C:\Program Files\Java\jdk-21\bin\java.dll

Deoptimization events (0 events):
No events

Classes loaded (0 events):
No events

Classes unloaded (0 events):
No events

Classes redefined (0 events):
No events

Internal exceptions (0 events):
No events

ZGC Phase Switch (0 events):
No events

VM Operations (0 events):
No events

Events (0 events):
No events


Dynamic libraries:
0x00007ff7b8fb0000 - 0x00007ff7b8fc0000 	C:\Program Files\Java\jdk-21\bin\javaw.exe
0x00007ffbb30a0000 - 0x00007ffbb3303000 	C:\WINDOWS\SYSTEM32\ntdll.dll
0x00007ffb6af30000 - 0x00007ffb6af4a000 	C:\Program Files\Avast Software\Avast\aswhook.dll
0x00007ffbb1c60000 - 0x00007ffbb1d27000 	C:\WINDOWS\System32\KERNEL32.DLL
0x00007ffbb0a30000 - 0x00007ffbb0df9000 	C:\WINDOWS\System32\KERNELBASE.dll
0x00007ffbb04d0000 - 0x00007ffbb061c000 	C:\WINDOWS\System32\ucrtbase.dll
0x00007ffb54470000 - 0x00007ffb54489000 	C:\Program Files\Java\jdk-21\bin\jli.dll
0x00007ffbb2de0000 - 0x00007ffbb2e92000 	C:\WINDOWS\System32\ADVAPI32.dll
0x00007ffbb14b0000 - 0x00007ffbb1559000 	C:\WINDOWS\System32\msvcrt.dll
0x00007ffbb1ba0000 - 0x00007ffbb1c46000 	C:\WINDOWS\System32\sechost.dll
0x00007ffbb0ef0000 - 0x00007ffbb1006000 	C:\WINDOWS\System32\RPCRT4.dll
0x00007ffbb1010000 - 0x00007ffbb11da000 	C:\WINDOWS\System32\USER32.dll
0x00007ffbb08d0000 - 0x00007ffbb08f7000 	C:\WINDOWS\System32\win32u.dll
0x00007ffbb1b70000 - 0x00007ffbb1b9a000 	C:\WINDOWS\System32\GDI32.dll
0x00007ffbb0790000 - 0x00007ffbb08c1000 	C:\WINDOWS\System32\gdi32full.dll
0x00007ffbb02a0000 - 0x00007ffbb0343000 	C:\WINDOWS\System32\msvcp_win.dll
0x00007ffb54490000 - 0x00007ffb544ab000 	C:\Program Files\Java\jdk-21\bin\VCRUNTIME140.dll
0x00007ffb8e240000 - 0x00007ffb8e4d0000 	C:\WINDOWS\WinSxS\amd64_microsoft.windows.common-controls_6595b64144ccf1df_6.0.26100.3323_none_3e088096e3344490\COMCTL32.dll
0x00007ffba96a0000 - 0x00007ffba96ab000 	C:\WINDOWS\SYSTEM32\VERSION.dll
0x00007ffbb1f60000 - 0x00007ffbb1f8f000 	C:\WINDOWS\System32\IMM32.DLL
0x00007ffbab1c0000 - 0x00007ffbab1cc000 	C:\Program Files\Java\jdk-21\bin\vcruntime140_1.dll
0x00007ffb531c0000 - 0x00007ffb5324e000 	C:\Program Files\Java\jdk-21\bin\msvcp140.dll
0x00007ffb524a0000 - 0x00007ffb531b8000 	C:\Program Files\Java\jdk-21\bin\server\jvm.dll
0x00007ffbb1430000 - 0x00007ffbb14a4000 	C:\WINDOWS\System32\WS2_32.dll
0x00007ffbb0130000 - 0x00007ffbb017e000 	C:\WINDOWS\SYSTEM32\POWRPROF.dll
0x00007ffba9660000 - 0x00007ffba9696000 	C:\WINDOWS\SYSTEM32\WINMM.dll
0x00007ffbb0110000 - 0x00007ffbb0124000 	C:\WINDOWS\SYSTEM32\UMPDC.dll
0x00007ffbaf0c0000 - 0x00007ffbaf0da000 	C:\WINDOWS\SYSTEM32\kernel.appcore.dll
0x00007ffb76ce0000 - 0x00007ffb76cea000 	C:\Program Files\Java\jdk-21\bin\jimage.dll
0x00007ffba5600000 - 0x00007ffba5841000 	C:\WINDOWS\SYSTEM32\DBGHELP.DLL
0x00007ffbb1560000 - 0x00007ffbb18e2000 	C:\WINDOWS\System32\combase.dll
0x00007ffbb12d0000 - 0x00007ffbb13a6000 	C:\WINDOWS\System32\OLEAUT32.dll
0x00007ffba48a0000 - 0x00007ffba48d9000 	C:\WINDOWS\SYSTEM32\dbgcore.DLL
0x00007ffbb0900000 - 0x00007ffbb0999000 	C:\WINDOWS\System32\bcryptPrimitives.dll
0x00007ffb52480000 - 0x00007ffb5249f000 	C:\Program Files\Java\jdk-21\bin\java.dll

dbghelp: loaded successfully - version: 4.0.5 - missing functions: none
symbol engine: initialized successfully - sym options: 0x614 - pdb path: .;C:\Program Files\Java\jdk-21\bin;C:\WINDOWS\SYSTEM32;C:\Program Files\Avast Software\Avast;C:\WINDOWS\WinSxS\amd64_microsoft.windows.common-controls_6595b64144ccf1df_6.0.26100.3323_none_3e088096e3344490;C:\Program Files\Java\jdk-21\bin\server

VM Arguments:
jvm_args: -Dfile.encoding=UTF-8 -Dstdout.encoding=UTF-8 -Dstderr.encoding=UTF-8 -XX:+ShowCodeDetailsInExceptionMessages 
java_command: Assignment.ManagerPage
java_class_path (initial): C:\Users\hp\eclipse-workspace\JavaFX\bin;C:\Program Files\Software\Java\javafx-sdk-23.0.2\lib\javafx.base.jar;C:\Program Files\Software\Java\javafx-sdk-23.0.2\lib\javafx.controls.jar;C:\Program Files\Software\Java\javafx-sdk-23.0.2\lib\javafx.fxml.jar;C:\Program Files\Software\Java\javafx-sdk-23.0.2\lib\javafx.graphics.jar;C:\Program Files\Software\Java\javafx-sdk-23.0.2\lib\javafx.media.jar;C:\Program Files\Software\Java\javafx-sdk-23.0.2\lib\javafx.swing.jar;C:\Program Files\Software\Java\javafx-sdk-23.0.2\lib\javafx.web.jar;C:\Program Files\Software\Java\javafx-sdk-23.0.2\lib\javafx-swt.jar;C:\Users\hp\eclipse-workspace\PoPsection\bin;C:\Users\hp\Downloads\mysql-connector-j-8.0.31.jar;C:\Users\hp\Downloads\MyLibs.jar;C:\Users\hp\Downloads\javax.mail-1.6.2.jar
Launcher Type: SUN_STANDARD

[Global flags]
     intx CICompilerCount                          = 3                                         {product} {ergonomic}
     uint ConcGCThreads                            = 1                                         {product} {ergonomic}
     uint G1ConcRefinementThreads                  = 4                                         {product} {ergonomic}
   size_t G1HeapRegionSize                         = 1048576                                   {product} {ergonomic}
    uintx GCDrainStackTargetSize                   = 64                                        {product} {ergonomic}
   size_t InitialHeapSize                          = 58720256                                  {product} {ergonomic}
   size_t MarkStackSize                            = 4194304                                   {product} {ergonomic}
   size_t MaxHeapSize                              = 918552576                                 {product} {ergonomic}
   size_t MinHeapDeltaBytes                        = 1048576                                   {product} {ergonomic}
   size_t MinHeapSize                              = 8388608                                   {product} {ergonomic}
    uintx NonNMethodCodeHeapSize                   = 5832780                                {pd product} {ergonomic}
    uintx NonProfiledCodeHeapSize                  = 122912730                              {pd product} {ergonomic}
    uintx ProfiledCodeHeapSize                     = 122912730                              {pd product} {ergonomic}
    uintx ReservedCodeCacheSize                    = 251658240                              {pd product} {ergonomic}
     bool SegmentedCodeCache                       = true                                      {product} {ergonomic}
     bool ShowCodeDetailsInExceptionMessages       = true                                   {manageable} {command line}
   size_t SoftMaxHeapSize                          = 918552576                              {manageable} {ergonomic}
     bool UseCompressedOops                        = true                           {product lp64_product} {ergonomic}
     bool UseG1GC                                  = true                                      {product} {ergonomic}
     bool UseLargePagesIndividualAllocation        = false                                  {pd product} {ergonomic}

Logging:
Log output configuration:
 #0: stdout all=warning uptime,level,tags foldmultilines=false
 #1: stderr all=off uptime,level,tags foldmultilines=false

Environment Variables:
JAVA_HOME=C:\Program Files\Java\jdk-21
PATH=C:\Program Files\Common Files\Oracle\Java\javapath;C:\WINDOWS\system32;C:\WINDOWS;C:\WINDOWS\System32\Wbem;C:\WINDOWS\System32\WindowsPowerShell\v1.0\;C:\WINDOWS\System32\OpenSSH\;C:\Program Files\Git\cmd;C:\Users\hp\AppData\Local\Microsoft\WindowsApps;C:\Program Files\Java\jdk-21\bin;C:\Program Files\MySQL\MySQL Server 8.0\bin;C:\Users\hp\AppData\Local\Programs\Microsoft VS Code\bin
USERNAME=hp
OS=Windows_NT
PROCESSOR_IDENTIFIER=AMD64 Family 23 Model 24 Stepping 1, AuthenticAMD
TMP=C:\Users\hp\AppData\Local\Temp
TEMP=C:\Users\hp\AppData\Local\Temp




Periodic native trim disabled

---------------  S Y S T E M  ---------------

OS:
 Windows 11 , 64 bit Build 26100 (10.0.26100.3323)
OS uptime: 0 days 3:01 hours

CPU: total 4 (initial active 4) (4 cores per cpu, 2 threads per core) family 23 model 24 stepping 1 microcode 0x8108109, cx8, cmov, fxsr, ht, mmx, 3dnowpref, sse, sse2, sse3, ssse3, sse4a, sse4.1, sse4.2, popcnt, lzcnt, tsc, tscinvbit, avx, avx2, aes, clmul, bmi1, bmi2, adx, sha, fma, vzeroupper, clflush, clflushopt, rdtscp, f16c
Processor Information for all 4 processors :
  Max Mhz: 2600, Current Mhz: 2600, Mhz Limit: 2600

Memory: 4k page, system-wide physical 3499M (226M free)
TotalPageFile size 14251M (AvailPageFile size 49M)
current process WorkingSet (physical memory assigned to process): 11M, peak: 11M
current process commit charge ("private bytes"): 51M, peak: 107M

vm_info: Java HotSpot(TM) 64-Bit Server VM (21.0.5+9-LTS-239) for windows-amd64 JRE (21.0.5+9-LTS-239), built on 2024-09-30T05:17:38Z by "mach5one" with MS VC++ 17.6 (VS2022)

END.
